ISim log file
Running: /home/torben/sync/FHDW/BES2-U2/vhdl/asalu/asalu_tb_isim_beh.exe -intstyle ise -gui -tclbatch isim.cmd -wdb /home/torben/sync/FHDW/BES2-U2/vhdl/asalu/asalu_tb_isim_beh.wdb 
INFO: There is another simulation running in the same directory. Using database file name isim1.wdb.
ISim P.20131013 (signature 0xfbc00daa)
WARNING: A WEBPACK license was found.
WARNING: Please use Xilinx License Configuration Manager to check out a full ISim license.
WARNING: ISim will run in Lite mode. Please refer to the ISim documentation for more information on the differences between the Lite and the Full version.
This is a Lite version of ISim.
Time resolution is 1 ps
# onerror resume
# wave add /
# run 1000 ns
Simulator is doing circuit initialization process.
Finished circuit initialization process.
at 375 ns(1), Instance /asalu_tb/ : Warning: Vergleich fehlerhaft!  Erwartungswert: 11101001  Ergebnis: 00001010
at 425 ns(1), Instance /asalu_tb/ : Warning: Vergleich fehlerhaft!  Erwartungswert: 00001010  Ergebnis: 11011100
at 475 ns(1), Instance /asalu_tb/ : Warning: Vergleich fehlerhaft!  Erwartungswert: 0  Ergebnis: 1
at 525 ns(1), Instance /asalu_tb/ : Warning: Vergleich fehlerhaft!  Erwartungswert: 11011100  Ergebnis: 00000000
at 525 ns(1), Instance /asalu_tb/ : Warning: Vergleich fehlerhaft!  Erwartungswert: 0  Ergebnis: 1
# exit 0
ISim P.20131013 (signature 0xfbc00daa)
WARNING: A WEBPACK license was found.
WARNING: Please use Xilinx License Configuration Manager to check out a full ISim license.
WARNING: ISim will run in Lite mode. Please refer to the ISim documentation for more information on the differences between the Lite and the Full version.
This is a Lite version of ISim.
# run 1000 ns
Simulator is doing circuit initialization process.
Finished circuit initialization process.
at 375 ns(1), Instance /asalu_tb/ : Warning: Vergleich fehlerhaft!  Erwartungswert: 11101001  Ergebnis: 00001010
at 425 ns(1), Instance /asalu_tb/ : Warning: Vergleich fehlerhaft!  Erwartungswert: 00001010  Ergebnis: 11101001
at 425 ns(1), Instance /asalu_tb/ : Warning: Vergleich fehlerhaft!  Erwartungswert: 0  Ergebnis: 1
at 475 ns(1), Instance /asalu_tb/ : Warning: Vergleich fehlerhaft!  Erwartungswert: 0  Ergebnis: 1
at 525 ns(1), Instance /asalu_tb/ : Warning: Vergleich fehlerhaft!  Erwartungswert: 0  Ergebnis: 1
at 575 ns(1), Instance /asalu_tb/ : Warning: Vergleich fehlerhaft!  Erwartungswert: 0  Ergebnis: 1
ISim P.20131013 (signature 0xfbc00daa)
WARNING: A WEBPACK license was found.
WARNING: Please use Xilinx License Configuration Manager to check out a full ISim license.
WARNING: ISim will run in Lite mode. Please refer to the ISim documentation for more information on the differences between the Lite and the Full version.
This is a Lite version of ISim.
# run 1000 ns
Simulator is doing circuit initialization process.
Finished circuit initialization process.
at 375 ns(1), Instance /asalu_tb/ : Warning: Vergleich fehlerhaft!  Erwartungswert: 0  Ergebnis: 1
ISim P.20131013 (signature 0xfbc00daa)
WARNING: A WEBPACK license was found.
WARNING: Please use Xilinx License Configuration Manager to check out a full ISim license.
WARNING: ISim will run in Lite mode. Please refer to the ISim documentation for more information on the differences between the Lite and the Full version.
This is a Lite version of ISim.
# run 1000 ns
Simulator is doing circuit initialization process.
Finished circuit initialization process.
at 375 ns(1), Instance /asalu_tb/ : Warning: Vergleich fehlerhaft!  Erwartungswert: 0  Ergebnis: 1
at 475 ns(1), Instance /asalu_tb/ : Warning: Vergleich fehlerhaft!  Erwartungswert: 1  Ergebnis: 0
